<?xml version="1.0" encoding="UTF-8"?>
<!-- Generated by org.testng.reporters.JUnitXMLReporter -->
<testsuite ignored="0" hostname="SARAS-CNB01" failures="3" tests="10" name="chromeTest" time="181.926" errors="0" timestamp="2023-06-14T18:45:25 PDT">
  <testcase classname="salesforce.SalesForceAutomationScripts" name="case10_CreateAccount" time="15.98">
    <failure type="org.openqa.selenium.NoSuchElementException" message="no such element: Unable to locate element: {&amp;quot;method&amp;quot;:&amp;quot;xpath&amp;quot;,&amp;quot;selector&amp;quot;:&amp;quot;//*[@id=&amp;apos;lexNoThanks&amp;apos;]&amp;quot;}
  (Session info: chrome=114.0.5735.110)
For documentation on this error, please visit: https://www.seleniumhq.org/exceptions/no_such_element.html
Build info: version: &amp;apos;3.141.59&amp;apos;, revision: &amp;apos;e82be7d358&amp;apos;, time: &amp;apos;2018-11-14T08:17:03&amp;apos;
System info: host: &amp;apos;SARAS-CNB01&amp;apos;, ip: &amp;apos;10.0.0.25&amp;apos;, os.name: &amp;apos;Windows 10&amp;apos;, os.arch: &amp;apos;amd64&amp;apos;, os.version: &amp;apos;10.0&amp;apos;, java.version: &amp;apos;11.0.7&amp;apos;
Driver info: org.openqa.selenium.chrome.ChromeDriver
Capabilities {acceptInsecureCerts: false, browserName: chrome, browserVersion: 114.0.5735.110, chrome: {chromedriverVersion: 114.0.5735.90 (386bc09e8f4f..., userDataDir: C:\Users\SARAVA~1.SOM\AppDa...}, goog:chromeOptions: {debuggerAddress: localhost:59455}, javascriptEnabled: true, networkConnectionEnabled: false, pageLoadStrategy: normal, platform: WINDOWS, platformName: WINDOWS, proxy: Proxy(), setWindowRect: true, strictFileInteractability: false, timeouts: {implicit: 0, pageLoad: 300000, script: 30000}, unhandledPromptBehavior: dismiss and notify, webauthn:extension:credBlob: true, webauthn:extension:largeBlob: true, webauthn:extension:minPinLength: true, webauthn:extension:prf: true, webauthn:virtualAuthenticators: true}
Session ID: 41c1571ae1a52c578752d14c74809e89
*** Element info: {Using=xpath, value=//*[@id=&amp;apos;lexNoThanks&amp;apos;]}">
      <![CDATA[org.openqa.selenium.NoSuchElementException: no such element: Unable to locate element: {"method":"xpath","selector":"//*[@id='lexNoThanks']"}
  (Session info: chrome=114.0.5735.110)
For documentation on this error, please visit: https://www.seleniumhq.org/exceptions/no_such_element.html
Build info: version: '3.141.59', revision: 'e82be7d358', time: '2018-11-14T08:17:03'
System info: host: 'SARAS-CNB01', ip: '10.0.0.25', os.name: 'Windows 10', os.arch: 'amd64', os.version: '10.0', java.version: '11.0.7'
Driver info: org.openqa.selenium.chrome.ChromeDriver
Capabilities {acceptInsecureCerts: false, browserName: chrome, browserVersion: 114.0.5735.110, chrome: {chromedriverVersion: 114.0.5735.90 (386bc09e8f4f..., userDataDir: C:\Users\SARAVA~1.SOM\AppDa...}, goog:chromeOptions: {debuggerAddress: localhost:59455}, javascriptEnabled: true, networkConnectionEnabled: false, pageLoadStrategy: normal, platform: WINDOWS, platformName: WINDOWS, proxy: Proxy(), setWindowRect: true, strictFileInteractability: false, timeouts: {implicit: 0, pageLoad: 300000, script: 30000}, unhandledPromptBehavior: dismiss and notify, webauthn:extension:credBlob: true, webauthn:extension:largeBlob: true, webauthn:extension:minPinLength: true, webauthn:extension:prf: true, webauthn:virtualAuthenticators: true}
Session ID: 41c1571ae1a52c578752d14c74809e89
*** Element info: {Using=xpath, value=//*[@id='lexNoThanks']}
at org.openqa.selenium.remote.http.W3CHttpResponseCodec.createException(W3CHttpResponseCodec.java:187)
at org.openqa.selenium.remote.http.W3CHttpResponseCodec.decode(W3CHttpResponseCodec.java:122)
at org.openqa.selenium.remote.http.W3CHttpResponseCodec.decode(W3CHttpResponseCodec.java:49)
at org.openqa.selenium.remote.HttpCommandExecutor.execute(HttpCommandExecutor.java:158)
at org.openqa.selenium.remote.service.DriverCommandExecutor.execute(DriverCommandExecutor.java:83)
at org.openqa.selenium.remote.RemoteWebDriver.execute(RemoteWebDriver.java:552)
at org.openqa.selenium.remote.RemoteWebDriver.findElement(RemoteWebDriver.java:323)
at org.openqa.selenium.remote.RemoteWebDriver.findElementByXPath(RemoteWebDriver.java:428)
at org.openqa.selenium.By$ByXPath.findElement(By.java:353)
at org.openqa.selenium.remote.RemoteWebDriver.findElement(RemoteWebDriver.java:315)
at automationbasePage.BasePage.switchToLightningPopup(BasePage.java:121)
at automationHomepages.HomePage.selectAccounts(HomePage.java:99)
at salesforce.SalesForceAutomationScripts.case10_CreateAccount(SalesForceAutomationScripts.java:233)
at java.base/java.util.ArrayList.forEach(ArrayList.java:1540)
... Removed 35 stack frames]]>
    </failure>
  </testcase> <!-- case10_CreateAccount -->
  <testcase classname="salesforce.SalesForceAutomationScripts" name="case11_CreateNewView" time="19.125"/>
  <testcase classname="salesforce.SalesForceAutomationScripts" name="case1_LoginErrorMessage" time="1.64"/>
  <testcase classname="salesforce.SalesForceAutomationScripts" name="case2_Successful_LoginToSalesForce" time="14.941"/>
  <testcase classname="salesforce.SalesForceAutomationScripts" name="case3_CheckRememberMe" time="17.69"/>
  <testcase classname="salesforce.SalesForceAutomationScripts" name="case4A_ForgotPassword" time="1.728"/>
  <testcase classname="salesforce.SalesForceAutomationScripts" name="case4B_ForgotPassword" time="3.015"/>
  <testcase classname="salesforce.SalesForceAutomationScripts" name="case5_UserMenuDropdown" time="13.001"/>
  <testcase classname="salesforce.SalesForceAutomationScripts" name="case7_MySettings_UserMenuDropDown" time="23.46">
    <failure type="java.lang.AssertionError" message="Reports tab not present expected [Reports] but found [Accounts]">
      <![CDATA[java.lang.AssertionError: Reports tab not present expected [Reports] but found [Accounts]
at subMenusInHomePage.SalesforceChatterPage.validateReportsTab(SalesforceChatterPage.java:31)
at salesforce.SalesForceAutomationScripts.case7_MySettings_UserMenuDropDown(SalesForceAutomationScripts.java:169)
at java.base/java.util.ArrayList.forEach(ArrayList.java:1540)
... Removed 36 stack frames]]>
    </failure>
  </testcase> <!-- case7_MySettings_UserMenuDropDown -->
  <testcase classname="salesforce.SalesForceAutomationScripts" name="case8_DeveloperConsole" time="9.907">
    <failure type="java.lang.AssertionError" message="Title not matched expected [Home Page ~ Salesforce - Developer Edition] but found []">
      <![CDATA[java.lang.AssertionError: Title not matched expected [Home Page ~ Salesforce - Developer Edition] but found []
at automationbasePage.BasePage.assertPageTitle(BasePage.java:52)
at salesforce.SalesForceAutomationScripts.case8_DeveloperConsole(SalesForceAutomationScripts.java:209)
at java.base/java.util.ArrayList.forEach(ArrayList.java:1540)
... Removed 36 stack frames]]>
    </failure>
  </testcase> <!-- case8_DeveloperConsole -->
</testsuite> <!-- chromeTest -->
