<?xml version="1.0" encoding="UTF-8"?>
<!-- Generated by org.testng.reporters.JUnitXMLReporter -->
<testsuite ignored="0" hostname="SARAS-CNB01" failures="1" tests="10" name="chromeTest" time="160.985" errors="0" timestamp="2023-06-14T21:04:18 PDT">
  <testcase classname="salesforce.SalesForceAutomationScripts" name="case10_CreateAccount" time="25.456"/>
  <testcase classname="salesforce.SalesForceAutomationScripts" name="case11_CreateNewView" time="18.902"/>
  <testcase classname="salesforce.SalesForceAutomationScripts" name="case1_LoginErrorMessage" time="1.793"/>
  <testcase classname="salesforce.SalesForceAutomationScripts" name="case2_Successful_LoginToSalesForce" time="6.003"/>
  <testcase classname="salesforce.SalesForceAutomationScripts" name="case3_CheckRememberMe" time="10.846"/>
  <testcase classname="salesforce.SalesForceAutomationScripts" name="case4A_ForgotPassword" time="0.985"/>
  <testcase classname="salesforce.SalesForceAutomationScripts" name="case4B_ForgotPassword" time="2.332"/>
  <testcase classname="salesforce.SalesForceAutomationScripts" name="case5_UserMenuDropdown" time="6.437">
    <failure type="java.lang.AssertionError" message="Title not matched expected [Home Page ~ Salesforce - Developer Edition] but found []">
      <![CDATA[java.lang.AssertionError: Title not matched expected [Home Page ~ Salesforce - Developer Edition] but found []
at automationbasePage.BasePage.assertPageTitle(BasePage.java:52)
at salesforce.SalesForceAutomationScripts.case5_UserMenuDropdown(SalesForceAutomationScripts.java:131)
at java.base/java.util.ArrayList.forEach(ArrayList.java:1540)
... Removed 32 stack frames]]>
    </failure>
  </testcase> <!-- case5_UserMenuDropdown -->
  <testcase classname="salesforce.SalesForceAutomationScripts" name="case7_MySettings_UserMenuDropDown" time="26.907"/>
  <testcase classname="salesforce.SalesForceAutomationScripts" name="case8_DeveloperConsole" time="12.092"/>
</testsuite> <!-- chromeTest -->
