<html>
<head>
<title>TestNG:  chromeTest</title>
<link href="../testng.css" rel="stylesheet" type="text/css" />
<link href="../my-testng.css" rel="stylesheet" type="text/css" />

<style type="text/css">
.log { display: none;} 
.stack-trace { display: none;} 
</style>
<script type="text/javascript">
<!--
function flip(e) {
  current = e.style.display;
  if (current == 'block') {
    e.style.display = 'none';
    return 0;
  }
  else {
    e.style.display = 'block';
    return 1;
  }
}

function toggleBox(szDivId, elem, msg1, msg2)
{
  var res = -1;  if (document.getElementById) {
    res = flip(document.getElementById(szDivId));
  }
  else if (document.all) {
    // this is the way old msie versions work
    res = flip(document.all[szDivId]);
  }
  if(elem) {
    if(res == 0) elem.innerHTML = msg1; else elem.innerHTML = msg2;
  }

}

function toggleAllBoxes() {
  if (document.getElementsByTagName) {
    d = document.getElementsByTagName('div');
    for (i = 0; i < d.length; i++) {
      if (d[i].className == 'log') {
        flip(d[i]);
      }
    }
  }
}

// -->
</script>

</head>
<body>
<h2 align='center'>chromeTest</h2><table border='1' align="center">
<tr>
<td>Tests passed/Failed/Skipped:</td><td>9/1/0</td>
</tr><tr>
<td>Started on:</td><td>Wed Jun 14 21:01:37 PDT 2023</td>
</tr>
<tr><td>Total time:</td><td>160 seconds (160985 ms)</td>
</tr><tr>
<td>Included groups:</td><td></td>
</tr><tr>
<td>Excluded groups:</td><td></td>
</tr>
</table><p/>
<small><i>(Hover the method name to see the test class name)</i></small><p/>
<table width='100%' border='1' class='invocation-failed'>
<tr><td colspan='4' align='center'><b>FAILED TESTS</b></td></tr>
<tr><td><b>Test method</b></td>
<td width="30%"><b>Exception</b></td>
<td width="10%"><b>Time (seconds)</b></td>
<td><b>Instance</b></td>
</tr>
<tr>
<td title='salesforce.SalesForceAutomationScripts.case5_UserMenuDropdown()'><b>case5_UserMenuDropdown</b><br>Test class: salesforce.SalesForceAutomationScripts</td>
<td><div><pre>java.lang.AssertionError: Title not matched expected [Home Page ~ Salesforce - Developer Edition] but found []
	at automationbasePage.BasePage.assertPageTitle(BasePage.java:52)
	at salesforce.SalesForceAutomationScripts.case5_UserMenuDropdown(SalesForceAutomationScripts.java:131)
	at java.base/java.util.ArrayList.forEach(ArrayList.java:1540)
... Removed 32 stack frames</pre></div><a href='#' onClick='toggleBox("stack-trace135920409", this, "Click to show all stack frames", "Click to hide stack frames")'>Click to show all stack frames</a>
<div class='stack-trace' id='stack-trace135920409'><pre>java.lang.AssertionError: Title not matched expected [Home Page ~ Salesforce - Developer Edition] but found []
	at org.testng.Assert.fail(Assert.java:99)
	at org.testng.Assert.failNotEquals(Assert.java:1037)
	at org.testng.Assert.assertEqualsImpl(Assert.java:140)
	at org.testng.Assert.assertEquals(Assert.java:122)
	at org.testng.Assert.assertEquals(Assert.java:629)
	at automationbasePage.BasePage.assertPageTitle(BasePage.java:52)
	at salesforce.SalesForceAutomationScripts.case5_UserMenuDropdown(SalesForceAutomationScripts.java:131)
	at java.base/jdk.internal.reflect.NativeMethodAccessorImpl.invoke0(Native Method)
	at java.base/jdk.internal.reflect.NativeMethodAccessorImpl.invoke(NativeMethodAccessorImpl.java:62)
	at java.base/jdk.internal.reflect.DelegatingMethodAccessorImpl.invoke(DelegatingMethodAccessorImpl.java:43)
	at java.base/java.lang.reflect.Method.invoke(Method.java:566)
	at org.testng.internal.MethodInvocationHelper.invokeMethod(MethodInvocationHelper.java:133)
	at org.testng.internal.TestInvoker.invokeMethod(TestInvoker.java:598)
	at org.testng.internal.TestInvoker.invokeTestMethod(TestInvoker.java:173)
	at org.testng.internal.MethodRunner.runInSequence(MethodRunner.java:46)
	at org.testng.internal.TestInvoker$MethodInvocationAgent.invoke(TestInvoker.java:824)
	at org.testng.internal.TestInvoker.invokeTestMethods(TestInvoker.java:146)
	at org.testng.internal.TestMethodWorker.invokeTestMethods(TestMethodWorker.java:146)
	at org.testng.internal.TestMethodWorker.run(TestMethodWorker.java:128)
	at java.base/java.util.ArrayList.forEach(ArrayList.java:1540)
	at org.testng.TestRunner.privateRun(TestRunner.java:794)
	at org.testng.TestRunner.run(TestRunner.java:596)
	at org.testng.SuiteRunner.runTest(SuiteRunner.java:377)
	at org.testng.SuiteRunner.runSequentially(SuiteRunner.java:371)
	at org.testng.SuiteRunner.privateRun(SuiteRunner.java:332)
	at org.testng.SuiteRunner.run(SuiteRunner.java:276)
	at org.testng.SuiteRunnerWorker.runSuite(SuiteRunnerWorker.java:53)
	at org.testng.SuiteRunnerWorker.run(SuiteRunnerWorker.java:96)
	at org.testng.TestNG.runSuitesSequentially(TestNG.java:1212)
	at org.testng.TestNG.runSuitesLocally(TestNG.java:1134)
	at org.testng.TestNG.runSuites(TestNG.java:1063)
	at org.testng.TestNG.run(TestNG.java:1031)
	at org.testng.remote.AbstractRemoteTestNG.run(AbstractRemoteTestNG.java:115)
	at org.testng.remote.RemoteTestNG.initAndRun(RemoteTestNG.java:251)
	at org.testng.remote.RemoteTestNG.main(RemoteTestNG.java:77)
</pre></div></td>
<td>6</td>
<td>salesforce.SalesForceAutomationScripts@6da21078</td></tr>
</table><p>
<table width='100%' border='1' class='invocation-passed'>
<tr><td colspan='4' align='center'><b>PASSED TESTS</b></td></tr>
<tr><td><b>Test method</b></td>
<td width="30%"><b>Exception</b></td>
<td width="10%"><b>Time (seconds)</b></td>
<td><b>Instance</b></td>
</tr>
<tr>
<td title='salesforce.SalesForceAutomationScripts.case8_DeveloperConsole()'><b>case8_DeveloperConsole</b><br>Test class: salesforce.SalesForceAutomationScripts</td>
<td></td>
<td>12</td>
<td>salesforce.SalesForceAutomationScripts@6da21078</td></tr>
<tr>
<td title='salesforce.SalesForceAutomationScripts.case1_LoginErrorMessage()'><b>case1_LoginErrorMessage</b><br>Test class: salesforce.SalesForceAutomationScripts</td>
<td></td>
<td>1</td>
<td>salesforce.SalesForceAutomationScripts@6da21078</td></tr>
<tr>
<td title='salesforce.SalesForceAutomationScripts.case7_MySettings_UserMenuDropDown()'><b>case7_MySettings_UserMenuDropDown</b><br>Test class: salesforce.SalesForceAutomationScripts</td>
<td></td>
<td>26</td>
<td>salesforce.SalesForceAutomationScripts@6da21078</td></tr>
<tr>
<td title='salesforce.SalesForceAutomationScripts.case11_CreateNewView()'><b>case11_CreateNewView</b><br>Test class: salesforce.SalesForceAutomationScripts</td>
<td></td>
<td>18</td>
<td>salesforce.SalesForceAutomationScripts@6da21078</td></tr>
<tr>
<td title='salesforce.SalesForceAutomationScripts.case10_CreateAccount()'><b>case10_CreateAccount</b><br>Test class: salesforce.SalesForceAutomationScripts</td>
<td></td>
<td>25</td>
<td>salesforce.SalesForceAutomationScripts@6da21078</td></tr>
<tr>
<td title='salesforce.SalesForceAutomationScripts.case2_Successful_LoginToSalesForce()'><b>case2_Successful_LoginToSalesForce</b><br>Test class: salesforce.SalesForceAutomationScripts</td>
<td></td>
<td>6</td>
<td>salesforce.SalesForceAutomationScripts@6da21078</td></tr>
<tr>
<td title='salesforce.SalesForceAutomationScripts.case4B_ForgotPassword()'><b>case4B_ForgotPassword</b><br>Test class: salesforce.SalesForceAutomationScripts</td>
<td></td>
<td>2</td>
<td>salesforce.SalesForceAutomationScripts@6da21078</td></tr>
<tr>
<td title='salesforce.SalesForceAutomationScripts.case4A_ForgotPassword()'><b>case4A_ForgotPassword</b><br>Test class: salesforce.SalesForceAutomationScripts</td>
<td></td>
<td>0</td>
<td>salesforce.SalesForceAutomationScripts@6da21078</td></tr>
<tr>
<td title='salesforce.SalesForceAutomationScripts.case3_CheckRememberMe()'><b>case3_CheckRememberMe</b><br>Test class: salesforce.SalesForceAutomationScripts</td>
<td></td>
<td>10</td>
<td>salesforce.SalesForceAutomationScripts@6da21078</td></tr>
</table><p>
</body>
</html>