<?xml version="1.0" encoding="UTF-8"?>
<testng-results ignored="0" total="10" passed="7" failed="3" skipped="0">
  <reporter-output>
  </reporter-output>
  <suite started-at="2023-06-14T18:42:23 PDT" name="Suite" finished-at="2023-06-14T18:45:25 PDT" duration-ms="181926">
    <groups>
    </groups>
    <test started-at="2023-06-14T18:42:23 PDT" name="chromeTest" finished-at="2023-06-14T18:45:25 PDT" duration-ms="181926">
      <class name="salesforce.SalesForceAutomationScripts">
        <test-method is-config="true" signature="setUpForBeforeTest()[pri:0, instance:salesforce.SalesForceAutomationScripts@6253c26]" started-at="2023-06-14T18:42:23 PDT" name="setUpForBeforeTest" finished-at="2023-06-14T18:42:24 PDT" duration-ms="742" status="PASS">
          <reporter-output>
          </reporter-output>
        </test-method> <!-- setUpForBeforeTest -->
        <test-method is-config="true" signature="TestInitialize(java.lang.String)[pri:0, instance:salesforce.SalesForceAutomationScripts@6253c26]" started-at="2023-06-14T18:42:24 PDT" name="TestInitialize" finished-at="2023-06-14T18:42:29 PDT" duration-ms="4889" status="PASS">
          <params>
            <param index="0">
              <value>
                <![CDATA[chrome]]>
              </value>
            </param>
          </params>
          <reporter-output>
          </reporter-output>
        </test-method> <!-- TestInitialize -->
        <test-method signature="case10_CreateAccount()[pri:0, instance:salesforce.SalesForceAutomationScripts@6253c26]" started-at="2023-06-14T18:42:29 PDT" name="case10_CreateAccount" finished-at="2023-06-14T18:42:45 PDT" duration-ms="15980" status="FAIL">
          <exception class="org.openqa.selenium.NoSuchElementException">
            <message>
              <![CDATA[no such element: Unable to locate element: {"method":"xpath","selector":"//*[@id='lexNoThanks']"}
  (Session info: chrome=114.0.5735.110)
For documentation on this error, please visit: https://www.seleniumhq.org/exceptions/no_such_element.html
Build info: version: '3.141.59', revision: 'e82be7d358', time: '2018-11-14T08:17:03'
System info: host: 'SARAS-CNB01', ip: '10.0.0.25', os.name: 'Windows 10', os.arch: 'amd64', os.version: '10.0', java.version: '11.0.7'
Driver info: org.openqa.selenium.chrome.ChromeDriver
Capabilities {acceptInsecureCerts: false, browserName: chrome, browserVersion: 114.0.5735.110, chrome: {chromedriverVersion: 114.0.5735.90 (386bc09e8f4f..., userDataDir: C:\Users\SARAVA~1.SOM\AppDa...}, goog:chromeOptions: {debuggerAddress: localhost:59455}, javascriptEnabled: true, networkConnectionEnabled: false, pageLoadStrategy: normal, platform: WINDOWS, platformName: WINDOWS, proxy: Proxy(), setWindowRect: true, strictFileInteractability: false, timeouts: {implicit: 0, pageLoad: 300000, script: 30000}, unhandledPromptBehavior: dismiss and notify, webauthn:extension:credBlob: true, webauthn:extension:largeBlob: true, webauthn:extension:minPinLength: true, webauthn:extension:prf: true, webauthn:virtualAuthenticators: true}
Session ID: 41c1571ae1a52c578752d14c74809e89
*** Element info: {Using=xpath, value=//*[@id='lexNoThanks']}]]>
            </message>
            <full-stacktrace>
              <![CDATA[org.openqa.selenium.NoSuchElementException: no such element: Unable to locate element: {"method":"xpath","selector":"//*[@id='lexNoThanks']"}
  (Session info: chrome=114.0.5735.110)
For documentation on this error, please visit: https://www.seleniumhq.org/exceptions/no_such_element.html
Build info: version: '3.141.59', revision: 'e82be7d358', time: '2018-11-14T08:17:03'
System info: host: 'SARAS-CNB01', ip: '10.0.0.25', os.name: 'Windows 10', os.arch: 'amd64', os.version: '10.0', java.version: '11.0.7'
Driver info: org.openqa.selenium.chrome.ChromeDriver
Capabilities {acceptInsecureCerts: false, browserName: chrome, browserVersion: 114.0.5735.110, chrome: {chromedriverVersion: 114.0.5735.90 (386bc09e8f4f..., userDataDir: C:\Users\SARAVA~1.SOM\AppDa...}, goog:chromeOptions: {debuggerAddress: localhost:59455}, javascriptEnabled: true, networkConnectionEnabled: false, pageLoadStrategy: normal, platform: WINDOWS, platformName: WINDOWS, proxy: Proxy(), setWindowRect: true, strictFileInteractability: false, timeouts: {implicit: 0, pageLoad: 300000, script: 30000}, unhandledPromptBehavior: dismiss and notify, webauthn:extension:credBlob: true, webauthn:extension:largeBlob: true, webauthn:extension:minPinLength: true, webauthn:extension:prf: true, webauthn:virtualAuthenticators: true}
Session ID: 41c1571ae1a52c578752d14c74809e89
*** Element info: {Using=xpath, value=//*[@id='lexNoThanks']}
at java.base/jdk.internal.reflect.NativeConstructorAccessorImpl.newInstance0(Native Method)
at java.base/jdk.internal.reflect.NativeConstructorAccessorImpl.newInstance(NativeConstructorAccessorImpl.java:62)
at java.base/jdk.internal.reflect.DelegatingConstructorAccessorImpl.newInstance(DelegatingConstructorAccessorImpl.java:45)
at java.base/java.lang.reflect.Constructor.newInstance(Constructor.java:490)
at org.openqa.selenium.remote.http.W3CHttpResponseCodec.createException(W3CHttpResponseCodec.java:187)
at org.openqa.selenium.remote.http.W3CHttpResponseCodec.decode(W3CHttpResponseCodec.java:122)
at org.openqa.selenium.remote.http.W3CHttpResponseCodec.decode(W3CHttpResponseCodec.java:49)
at org.openqa.selenium.remote.HttpCommandExecutor.execute(HttpCommandExecutor.java:158)
at org.openqa.selenium.remote.service.DriverCommandExecutor.execute(DriverCommandExecutor.java:83)
at org.openqa.selenium.remote.RemoteWebDriver.execute(RemoteWebDriver.java:552)
at org.openqa.selenium.remote.RemoteWebDriver.findElement(RemoteWebDriver.java:323)
at org.openqa.selenium.remote.RemoteWebDriver.findElementByXPath(RemoteWebDriver.java:428)
at org.openqa.selenium.By$ByXPath.findElement(By.java:353)
at org.openqa.selenium.remote.RemoteWebDriver.findElement(RemoteWebDriver.java:315)
at automationbasePage.BasePage.switchToLightningPopup(BasePage.java:121)
at automationHomepages.HomePage.selectAccounts(HomePage.java:99)
at salesforce.SalesForceAutomationScripts.case10_CreateAccount(SalesForceAutomationScripts.java:233)
at java.base/jdk.internal.reflect.NativeMethodAccessorImpl.invoke0(Native Method)
at java.base/jdk.internal.reflect.NativeMethodAccessorImpl.invoke(NativeMethodAccessorImpl.java:62)
at java.base/jdk.internal.reflect.DelegatingMethodAccessorImpl.invoke(DelegatingMethodAccessorImpl.java:43)
at java.base/java.lang.reflect.Method.invoke(Method.java:566)
at org.testng.internal.invokers.MethodInvocationHelper.invokeMethod(MethodInvocationHelper.java:139)
at org.testng.internal.invokers.TestInvoker.invokeMethod(TestInvoker.java:677)
at org.testng.internal.invokers.TestInvoker.invokeTestMethod(TestInvoker.java:221)
at org.testng.internal.invokers.MethodRunner.runInSequence(MethodRunner.java:50)
at org.testng.internal.invokers.TestInvoker$MethodInvocationAgent.invoke(TestInvoker.java:969)
at org.testng.internal.invokers.TestInvoker.invokeTestMethods(TestInvoker.java:194)
at org.testng.internal.invokers.TestMethodWorker.invokeTestMethods(TestMethodWorker.java:148)
at org.testng.internal.invokers.TestMethodWorker.run(TestMethodWorker.java:128)
at java.base/java.util.ArrayList.forEach(ArrayList.java:1540)
at org.testng.TestRunner.privateRun(TestRunner.java:829)
at org.testng.TestRunner.run(TestRunner.java:602)
at org.testng.SuiteRunner.runTest(SuiteRunner.java:437)
at org.testng.SuiteRunner.runSequentially(SuiteRunner.java:431)
at org.testng.SuiteRunner.privateRun(SuiteRunner.java:391)
at org.testng.SuiteRunner.run(SuiteRunner.java:330)
at org.testng.SuiteRunnerWorker.runSuite(SuiteRunnerWorker.java:52)
at org.testng.SuiteRunnerWorker.run(SuiteRunnerWorker.java:95)
at org.testng.TestNG.runSuitesSequentially(TestNG.java:1256)
at org.testng.TestNG.runSuitesLocally(TestNG.java:1176)
at org.testng.TestNG.runSuites(TestNG.java:1099)
at org.testng.TestNG.run(TestNG.java:1067)
at org.apache.maven.surefire.testng.TestNGExecutor.run(TestNGExecutor.java:283)
at org.apache.maven.surefire.testng.TestNGXmlTestSuite.execute(TestNGXmlTestSuite.java:75)
at org.apache.maven.surefire.testng.TestNGProvider.invoke(TestNGProvider.java:120)
at org.apache.maven.surefire.booter.ForkedBooter.invokeProviderInSameClassLoader(ForkedBooter.java:384)
at org.apache.maven.surefire.booter.ForkedBooter.runSuitesInProcess(ForkedBooter.java:345)
at org.apache.maven.surefire.booter.ForkedBooter.execute(ForkedBooter.java:126)
at org.apache.maven.surefire.booter.ForkedBooter.main(ForkedBooter.java:418)
]]>
            </full-stacktrace>
          </exception> <!-- org.openqa.selenium.NoSuchElementException -->
          <reporter-output>
          </reporter-output>
        </test-method> <!-- case10_CreateAccount -->
        <test-method is-config="true" signature="tearDownAfterTestMethod()[pri:0, instance:salesforce.SalesForceAutomationScripts@6253c26]" started-at="2023-06-14T18:42:49 PDT" name="tearDownAfterTestMethod" finished-at="2023-06-14T18:42:49 PDT" duration-ms="240" status="PASS">
          <reporter-output>
          </reporter-output>
        </test-method> <!-- tearDownAfterTestMethod -->
        <test-method is-config="true" signature="TestInitialize(java.lang.String)[pri:0, instance:salesforce.SalesForceAutomationScripts@6253c26]" started-at="2023-06-14T18:42:49 PDT" name="TestInitialize" finished-at="2023-06-14T18:42:53 PDT" duration-ms="4193" status="PASS">
          <params>
            <param index="0">
              <value>
                <![CDATA[chrome]]>
              </value>
            </param>
          </params>
          <reporter-output>
          </reporter-output>
        </test-method> <!-- TestInitialize -->
        <test-method signature="case11_CreateNewView()[pri:0, instance:salesforce.SalesForceAutomationScripts@6253c26]" started-at="2023-06-14T18:42:53 PDT" name="case11_CreateNewView" finished-at="2023-06-14T18:43:13 PDT" duration-ms="19125" status="PASS">
          <reporter-output>
          </reporter-output>
        </test-method> <!-- case11_CreateNewView -->
        <test-method is-config="true" signature="tearDownAfterTestMethod()[pri:0, instance:salesforce.SalesForceAutomationScripts@6253c26]" started-at="2023-06-14T18:43:13 PDT" name="tearDownAfterTestMethod" finished-at="2023-06-14T18:43:13 PDT" duration-ms="221" status="PASS">
          <reporter-output>
          </reporter-output>
        </test-method> <!-- tearDownAfterTestMethod -->
        <test-method is-config="true" signature="TestInitialize(java.lang.String)[pri:0, instance:salesforce.SalesForceAutomationScripts@6253c26]" started-at="2023-06-14T18:43:13 PDT" name="TestInitialize" finished-at="2023-06-14T18:43:17 PDT" duration-ms="4313" status="PASS">
          <params>
            <param index="0">
              <value>
                <![CDATA[chrome]]>
              </value>
            </param>
          </params>
          <reporter-output>
          </reporter-output>
        </test-method> <!-- TestInitialize -->
        <test-method signature="case1_LoginErrorMessage()[pri:0, instance:salesforce.SalesForceAutomationScripts@6253c26]" started-at="2023-06-14T18:43:17 PDT" name="case1_LoginErrorMessage" finished-at="2023-06-14T18:43:19 PDT" duration-ms="1640" status="PASS">
          <reporter-output>
          </reporter-output>
        </test-method> <!-- case1_LoginErrorMessage -->
        <test-method is-config="true" signature="tearDownAfterTestMethod()[pri:0, instance:salesforce.SalesForceAutomationScripts@6253c26]" started-at="2023-06-14T18:43:19 PDT" name="tearDownAfterTestMethod" finished-at="2023-06-14T18:43:19 PDT" duration-ms="345" status="PASS">
          <reporter-output>
          </reporter-output>
        </test-method> <!-- tearDownAfterTestMethod -->
        <test-method is-config="true" signature="TestInitialize(java.lang.String)[pri:0, instance:salesforce.SalesForceAutomationScripts@6253c26]" started-at="2023-06-14T18:43:19 PDT" name="TestInitialize" finished-at="2023-06-14T18:43:23 PDT" duration-ms="4015" status="PASS">
          <params>
            <param index="0">
              <value>
                <![CDATA[chrome]]>
              </value>
            </param>
          </params>
          <reporter-output>
          </reporter-output>
        </test-method> <!-- TestInitialize -->
        <test-method signature="case2_Successful_LoginToSalesForce()[pri:0, instance:salesforce.SalesForceAutomationScripts@6253c26]" started-at="2023-06-14T18:43:23 PDT" name="case2_Successful_LoginToSalesForce" finished-at="2023-06-14T18:43:38 PDT" duration-ms="14941" status="PASS">
          <reporter-output>
          </reporter-output>
        </test-method> <!-- case2_Successful_LoginToSalesForce -->
        <test-method is-config="true" signature="tearDownAfterTestMethod()[pri:0, instance:salesforce.SalesForceAutomationScripts@6253c26]" started-at="2023-06-14T18:43:38 PDT" name="tearDownAfterTestMethod" finished-at="2023-06-14T18:43:38 PDT" duration-ms="216" status="PASS">
          <reporter-output>
          </reporter-output>
        </test-method> <!-- tearDownAfterTestMethod -->
        <test-method is-config="true" signature="TestInitialize(java.lang.String)[pri:0, instance:salesforce.SalesForceAutomationScripts@6253c26]" started-at="2023-06-14T18:43:38 PDT" name="TestInitialize" finished-at="2023-06-14T18:43:47 PDT" duration-ms="8297" status="PASS">
          <params>
            <param index="0">
              <value>
                <![CDATA[chrome]]>
              </value>
            </param>
          </params>
          <reporter-output>
          </reporter-output>
        </test-method> <!-- TestInitialize -->
        <test-method signature="case3_CheckRememberMe()[pri:0, instance:salesforce.SalesForceAutomationScripts@6253c26]" started-at="2023-06-14T18:43:47 PDT" name="case3_CheckRememberMe" finished-at="2023-06-14T18:44:04 PDT" duration-ms="17690" status="PASS">
          <reporter-output>
          </reporter-output>
        </test-method> <!-- case3_CheckRememberMe -->
        <test-method is-config="true" signature="tearDownAfterTestMethod()[pri:0, instance:salesforce.SalesForceAutomationScripts@6253c26]" started-at="2023-06-14T18:44:04 PDT" name="tearDownAfterTestMethod" finished-at="2023-06-14T18:44:05 PDT" duration-ms="351" status="PASS">
          <reporter-output>
          </reporter-output>
        </test-method> <!-- tearDownAfterTestMethod -->
        <test-method is-config="true" signature="TestInitialize(java.lang.String)[pri:0, instance:salesforce.SalesForceAutomationScripts@6253c26]" started-at="2023-06-14T18:44:05 PDT" name="TestInitialize" finished-at="2023-06-14T18:44:09 PDT" duration-ms="4367" status="PASS">
          <params>
            <param index="0">
              <value>
                <![CDATA[chrome]]>
              </value>
            </param>
          </params>
          <reporter-output>
          </reporter-output>
        </test-method> <!-- TestInitialize -->
        <test-method signature="case4A_ForgotPassword()[pri:0, instance:salesforce.SalesForceAutomationScripts@6253c26]" started-at="2023-06-14T18:44:09 PDT" name="case4A_ForgotPassword" finished-at="2023-06-14T18:44:11 PDT" duration-ms="1728" status="PASS">
          <reporter-output>
          </reporter-output>
        </test-method> <!-- case4A_ForgotPassword -->
        <test-method is-config="true" signature="tearDownAfterTestMethod()[pri:0, instance:salesforce.SalesForceAutomationScripts@6253c26]" started-at="2023-06-14T18:44:11 PDT" name="tearDownAfterTestMethod" finished-at="2023-06-14T18:44:11 PDT" duration-ms="288" status="PASS">
          <reporter-output>
          </reporter-output>
        </test-method> <!-- tearDownAfterTestMethod -->
        <test-method is-config="true" signature="TestInitialize(java.lang.String)[pri:0, instance:salesforce.SalesForceAutomationScripts@6253c26]" started-at="2023-06-14T18:44:11 PDT" name="TestInitialize" finished-at="2023-06-14T18:44:15 PDT" duration-ms="4250" status="PASS">
          <params>
            <param index="0">
              <value>
                <![CDATA[chrome]]>
              </value>
            </param>
          </params>
          <reporter-output>
          </reporter-output>
        </test-method> <!-- TestInitialize -->
        <test-method signature="case4B_ForgotPassword()[pri:0, instance:salesforce.SalesForceAutomationScripts@6253c26]" started-at="2023-06-14T18:44:15 PDT" name="case4B_ForgotPassword" finished-at="2023-06-14T18:44:18 PDT" duration-ms="3015" status="PASS">
          <reporter-output>
          </reporter-output>
        </test-method> <!-- case4B_ForgotPassword -->
        <test-method is-config="true" signature="tearDownAfterTestMethod()[pri:0, instance:salesforce.SalesForceAutomationScripts@6253c26]" started-at="2023-06-14T18:44:18 PDT" name="tearDownAfterTestMethod" finished-at="2023-06-14T18:44:18 PDT" duration-ms="210" status="PASS">
          <reporter-output>
          </reporter-output>
        </test-method> <!-- tearDownAfterTestMethod -->
        <test-method is-config="true" signature="TestInitialize(java.lang.String)[pri:0, instance:salesforce.SalesForceAutomationScripts@6253c26]" started-at="2023-06-14T18:44:18 PDT" name="TestInitialize" finished-at="2023-06-14T18:44:23 PDT" duration-ms="4216" status="PASS">
          <params>
            <param index="0">
              <value>
                <![CDATA[chrome]]>
              </value>
            </param>
          </params>
          <reporter-output>
          </reporter-output>
        </test-method> <!-- TestInitialize -->
        <test-method signature="case5_UserMenuDropdown()[pri:0, instance:salesforce.SalesForceAutomationScripts@6253c26]" started-at="2023-06-14T18:44:23 PDT" name="case5_UserMenuDropdown" finished-at="2023-06-14T18:44:36 PDT" duration-ms="13001" status="PASS">
          <reporter-output>
          </reporter-output>
        </test-method> <!-- case5_UserMenuDropdown -->
        <test-method is-config="true" signature="tearDownAfterTestMethod()[pri:0, instance:salesforce.SalesForceAutomationScripts@6253c26]" started-at="2023-06-14T18:44:36 PDT" name="tearDownAfterTestMethod" finished-at="2023-06-14T18:44:36 PDT" duration-ms="298" status="PASS">
          <reporter-output>
          </reporter-output>
        </test-method> <!-- tearDownAfterTestMethod -->
        <test-method is-config="true" signature="TestInitialize(java.lang.String)[pri:0, instance:salesforce.SalesForceAutomationScripts@6253c26]" started-at="2023-06-14T18:44:36 PDT" name="TestInitialize" finished-at="2023-06-14T18:44:43 PDT" duration-ms="6771" status="PASS">
          <params>
            <param index="0">
              <value>
                <![CDATA[chrome]]>
              </value>
            </param>
          </params>
          <reporter-output>
          </reporter-output>
        </test-method> <!-- TestInitialize -->
        <test-method signature="case7_MySettings_UserMenuDropDown()[pri:0, instance:salesforce.SalesForceAutomationScripts@6253c26]" started-at="2023-06-14T18:44:43 PDT" name="case7_MySettings_UserMenuDropDown" finished-at="2023-06-14T18:45:06 PDT" duration-ms="23460" status="FAIL">
          <exception class="java.lang.AssertionError">
            <message>
              <![CDATA[Reports tab not present expected [Reports] but found [Accounts]]]>
            </message>
            <full-stacktrace>
              <![CDATA[java.lang.AssertionError: Reports tab not present expected [Reports] but found [Accounts]
at org.testng.Assert.fail(Assert.java:110)
at org.testng.Assert.failNotEquals(Assert.java:1577)
at org.testng.Assert.assertEqualsImpl(Assert.java:149)
at org.testng.Assert.assertEquals(Assert.java:131)
at org.testng.Assert.assertEquals(Assert.java:655)
at subMenusInHomePage.SalesforceChatterPage.validateReportsTab(SalesforceChatterPage.java:31)
at salesforce.SalesForceAutomationScripts.case7_MySettings_UserMenuDropDown(SalesForceAutomationScripts.java:169)
at java.base/jdk.internal.reflect.NativeMethodAccessorImpl.invoke0(Native Method)
at java.base/jdk.internal.reflect.NativeMethodAccessorImpl.invoke(NativeMethodAccessorImpl.java:62)
at java.base/jdk.internal.reflect.DelegatingMethodAccessorImpl.invoke(DelegatingMethodAccessorImpl.java:43)
at java.base/java.lang.reflect.Method.invoke(Method.java:566)
at org.testng.internal.invokers.MethodInvocationHelper.invokeMethod(MethodInvocationHelper.java:139)
at org.testng.internal.invokers.TestInvoker.invokeMethod(TestInvoker.java:677)
at org.testng.internal.invokers.TestInvoker.invokeTestMethod(TestInvoker.java:221)
at org.testng.internal.invokers.MethodRunner.runInSequence(MethodRunner.java:50)
at org.testng.internal.invokers.TestInvoker$MethodInvocationAgent.invoke(TestInvoker.java:969)
at org.testng.internal.invokers.TestInvoker.invokeTestMethods(TestInvoker.java:194)
at org.testng.internal.invokers.TestMethodWorker.invokeTestMethods(TestMethodWorker.java:148)
at org.testng.internal.invokers.TestMethodWorker.run(TestMethodWorker.java:128)
at java.base/java.util.ArrayList.forEach(ArrayList.java:1540)
at org.testng.TestRunner.privateRun(TestRunner.java:829)
at org.testng.TestRunner.run(TestRunner.java:602)
at org.testng.SuiteRunner.runTest(SuiteRunner.java:437)
at org.testng.SuiteRunner.runSequentially(SuiteRunner.java:431)
at org.testng.SuiteRunner.privateRun(SuiteRunner.java:391)
at org.testng.SuiteRunner.run(SuiteRunner.java:330)
at org.testng.SuiteRunnerWorker.runSuite(SuiteRunnerWorker.java:52)
at org.testng.SuiteRunnerWorker.run(SuiteRunnerWorker.java:95)
at org.testng.TestNG.runSuitesSequentially(TestNG.java:1256)
at org.testng.TestNG.runSuitesLocally(TestNG.java:1176)
at org.testng.TestNG.runSuites(TestNG.java:1099)
at org.testng.TestNG.run(TestNG.java:1067)
at org.apache.maven.surefire.testng.TestNGExecutor.run(TestNGExecutor.java:283)
at org.apache.maven.surefire.testng.TestNGXmlTestSuite.execute(TestNGXmlTestSuite.java:75)
at org.apache.maven.surefire.testng.TestNGProvider.invoke(TestNGProvider.java:120)
at org.apache.maven.surefire.booter.ForkedBooter.invokeProviderInSameClassLoader(ForkedBooter.java:384)
at org.apache.maven.surefire.booter.ForkedBooter.runSuitesInProcess(ForkedBooter.java:345)
at org.apache.maven.surefire.booter.ForkedBooter.execute(ForkedBooter.java:126)
at org.apache.maven.surefire.booter.ForkedBooter.main(ForkedBooter.java:418)
]]>
            </full-stacktrace>
          </exception> <!-- java.lang.AssertionError -->
          <reporter-output>
          </reporter-output>
        </test-method> <!-- case7_MySettings_UserMenuDropDown -->
        <test-method is-config="true" signature="tearDownAfterTestMethod()[pri:0, instance:salesforce.SalesForceAutomationScripts@6253c26]" started-at="2023-06-14T18:45:06 PDT" name="tearDownAfterTestMethod" finished-at="2023-06-14T18:45:07 PDT" duration-ms="189" status="PASS">
          <reporter-output>
          </reporter-output>
        </test-method> <!-- tearDownAfterTestMethod -->
        <test-method is-config="true" signature="TestInitialize(java.lang.String)[pri:0, instance:salesforce.SalesForceAutomationScripts@6253c26]" started-at="2023-06-14T18:45:07 PDT" name="TestInitialize" finished-at="2023-06-14T18:45:14 PDT" duration-ms="7727" status="PASS">
          <params>
            <param index="0">
              <value>
                <![CDATA[chrome]]>
              </value>
            </param>
          </params>
          <reporter-output>
          </reporter-output>
        </test-method> <!-- TestInitialize -->
        <test-method signature="case8_DeveloperConsole()[pri:0, instance:salesforce.SalesForceAutomationScripts@6253c26]" started-at="2023-06-14T18:45:14 PDT" name="case8_DeveloperConsole" finished-at="2023-06-14T18:45:24 PDT" duration-ms="9907" status="FAIL">
          <exception class="java.lang.AssertionError">
            <message>
              <![CDATA[Title not matched expected [Home Page ~ Salesforce - Developer Edition] but found []]]>
            </message>
            <full-stacktrace>
              <![CDATA[java.lang.AssertionError: Title not matched expected [Home Page ~ Salesforce - Developer Edition] but found []
at org.testng.Assert.fail(Assert.java:110)
at org.testng.Assert.failNotEquals(Assert.java:1577)
at org.testng.Assert.assertEqualsImpl(Assert.java:149)
at org.testng.Assert.assertEquals(Assert.java:131)
at org.testng.Assert.assertEquals(Assert.java:655)
at automationbasePage.BasePage.assertPageTitle(BasePage.java:52)
at salesforce.SalesForceAutomationScripts.case8_DeveloperConsole(SalesForceAutomationScripts.java:209)
at java.base/jdk.internal.reflect.NativeMethodAccessorImpl.invoke0(Native Method)
at java.base/jdk.internal.reflect.NativeMethodAccessorImpl.invoke(NativeMethodAccessorImpl.java:62)
at java.base/jdk.internal.reflect.DelegatingMethodAccessorImpl.invoke(DelegatingMethodAccessorImpl.java:43)
at java.base/java.lang.reflect.Method.invoke(Method.java:566)
at org.testng.internal.invokers.MethodInvocationHelper.invokeMethod(MethodInvocationHelper.java:139)
at org.testng.internal.invokers.TestInvoker.invokeMethod(TestInvoker.java:677)
at org.testng.internal.invokers.TestInvoker.invokeTestMethod(TestInvoker.java:221)
at org.testng.internal.invokers.MethodRunner.runInSequence(MethodRunner.java:50)
at org.testng.internal.invokers.TestInvoker$MethodInvocationAgent.invoke(TestInvoker.java:969)
at org.testng.internal.invokers.TestInvoker.invokeTestMethods(TestInvoker.java:194)
at org.testng.internal.invokers.TestMethodWorker.invokeTestMethods(TestMethodWorker.java:148)
at org.testng.internal.invokers.TestMethodWorker.run(TestMethodWorker.java:128)
at java.base/java.util.ArrayList.forEach(ArrayList.java:1540)
at org.testng.TestRunner.privateRun(TestRunner.java:829)
at org.testng.TestRunner.run(TestRunner.java:602)
at org.testng.SuiteRunner.runTest(SuiteRunner.java:437)
at org.testng.SuiteRunner.runSequentially(SuiteRunner.java:431)
at org.testng.SuiteRunner.privateRun(SuiteRunner.java:391)
at org.testng.SuiteRunner.run(SuiteRunner.java:330)
at org.testng.SuiteRunnerWorker.runSuite(SuiteRunnerWorker.java:52)
at org.testng.SuiteRunnerWorker.run(SuiteRunnerWorker.java:95)
at org.testng.TestNG.runSuitesSequentially(TestNG.java:1256)
at org.testng.TestNG.runSuitesLocally(TestNG.java:1176)
at org.testng.TestNG.runSuites(TestNG.java:1099)
at org.testng.TestNG.run(TestNG.java:1067)
at org.apache.maven.surefire.testng.TestNGExecutor.run(TestNGExecutor.java:283)
at org.apache.maven.surefire.testng.TestNGXmlTestSuite.execute(TestNGXmlTestSuite.java:75)
at org.apache.maven.surefire.testng.TestNGProvider.invoke(TestNGProvider.java:120)
at org.apache.maven.surefire.booter.ForkedBooter.invokeProviderInSameClassLoader(ForkedBooter.java:384)
at org.apache.maven.surefire.booter.ForkedBooter.runSuitesInProcess(ForkedBooter.java:345)
at org.apache.maven.surefire.booter.ForkedBooter.execute(ForkedBooter.java:126)
at org.apache.maven.surefire.booter.ForkedBooter.main(ForkedBooter.java:418)
]]>
            </full-stacktrace>
          </exception> <!-- java.lang.AssertionError -->
          <reporter-output>
          </reporter-output>
        </test-method> <!-- case8_DeveloperConsole -->
        <test-method is-config="true" signature="tearDownAfterTestMethod()[pri:0, instance:salesforce.SalesForceAutomationScripts@6253c26]" started-at="2023-06-14T18:45:25 PDT" name="tearDownAfterTestMethod" finished-at="2023-06-14T18:45:25 PDT" duration-ms="316" status="PASS">
          <reporter-output>
          </reporter-output>
        </test-method> <!-- tearDownAfterTestMethod -->
      </class> <!-- salesforce.SalesForceAutomationScripts -->
    </test> <!-- chromeTest -->
  </suite> <!-- Suite -->
</testng-results>
