<?xml version="1.0" encoding="UTF-8"?>
<!-- Generated by org.testng.reporters.JUnitReportReporter -->
<testsuite hostname="SARAS-CNB01" failures="1" tests="10" name="salesforce.SalesForceAutomationScripts" time="159.651" errors="0" timestamp="2023-06-14T21:04:18 PDT" skipped="0">
  <testcase classname="salesforce.SalesForceAutomationScripts" name="case8_DeveloperConsole" time="16.792"/>
  <system-out/>
  <testcase classname="salesforce.SalesForceAutomationScripts" name="case5_UserMenuDropdown" time="10.914">
    <failure message="Title not matched expected [Home Page ~ Salesforce - Developer Edition] but found []" type="java.lang.AssertionError">
      <![CDATA[java.lang.AssertionError: Title not matched expected [Home Page ~ Salesforce - Developer Edition] but found []
at org.testng.Assert.fail(Assert.java:99)
at org.testng.Assert.failNotEquals(Assert.java:1037)
at org.testng.Assert.assertEqualsImpl(Assert.java:140)
at org.testng.Assert.assertEquals(Assert.java:122)
at org.testng.Assert.assertEquals(Assert.java:629)
at automationbasePage.BasePage.assertPageTitle(BasePage.java:52)
at salesforce.SalesForceAutomationScripts.case5_UserMenuDropdown(SalesForceAutomationScripts.java:131)
at java.base/jdk.internal.reflect.NativeMethodAccessorImpl.invoke0(Native Method)
at java.base/jdk.internal.reflect.NativeMethodAccessorImpl.invoke(NativeMethodAccessorImpl.java:62)
at java.base/jdk.internal.reflect.DelegatingMethodAccessorImpl.invoke(DelegatingMethodAccessorImpl.java:43)
at java.base/java.lang.reflect.Method.invoke(Method.java:566)
at org.testng.internal.MethodInvocationHelper.invokeMethod(MethodInvocationHelper.java:133)
at org.testng.internal.TestInvoker.invokeMethod(TestInvoker.java:598)
at org.testng.internal.TestInvoker.invokeTestMethod(TestInvoker.java:173)
at org.testng.internal.MethodRunner.runInSequence(MethodRunner.java:46)
at org.testng.internal.TestInvoker$MethodInvocationAgent.invoke(TestInvoker.java:824)
at org.testng.internal.TestInvoker.invokeTestMethods(TestInvoker.java:146)
at org.testng.internal.TestMethodWorker.invokeTestMethods(TestMethodWorker.java:146)
at org.testng.internal.TestMethodWorker.run(TestMethodWorker.java:128)
at java.base/java.util.ArrayList.forEach(ArrayList.java:1540)
at org.testng.TestRunner.privateRun(TestRunner.java:794)
at org.testng.TestRunner.run(TestRunner.java:596)
at org.testng.SuiteRunner.runTest(SuiteRunner.java:377)
at org.testng.SuiteRunner.runSequentially(SuiteRunner.java:371)
at org.testng.SuiteRunner.privateRun(SuiteRunner.java:332)
at org.testng.SuiteRunner.run(SuiteRunner.java:276)
at org.testng.SuiteRunnerWorker.runSuite(SuiteRunnerWorker.java:53)
at org.testng.SuiteRunnerWorker.run(SuiteRunnerWorker.java:96)
at org.testng.TestNG.runSuitesSequentially(TestNG.java:1212)
at org.testng.TestNG.runSuitesLocally(TestNG.java:1134)
at org.testng.TestNG.runSuites(TestNG.java:1063)
at org.testng.TestNG.run(TestNG.java:1031)
at org.testng.remote.AbstractRemoteTestNG.run(AbstractRemoteTestNG.java:115)
at org.testng.remote.RemoteTestNG.initAndRun(RemoteTestNG.java:251)
at org.testng.remote.RemoteTestNG.main(RemoteTestNG.java:77)
]]>
    </failure>
  </testcase> <!-- case5_UserMenuDropdown -->
  <system-out/>
  <testcase classname="salesforce.SalesForceAutomationScripts" name="case1_LoginErrorMessage" time="6.357"/>
  <system-out/>
  <testcase classname="salesforce.SalesForceAutomationScripts" name="case7_MySettings_UserMenuDropDown" time="31.921"/>
  <system-out/>
  <testcase classname="salesforce.SalesForceAutomationScripts" name="case11_CreateNewView" time="24.540"/>
  <system-out/>
  <testcase classname="salesforce.SalesForceAutomationScripts" name="case10_CreateAccount" time="29.803"/>
  <system-out/>
  <testcase classname="salesforce.SalesForceAutomationScripts" name="case2_Successful_LoginToSalesForce" time="10.775"/>
  <system-out/>
  <testcase classname="salesforce.SalesForceAutomationScripts" name="case4B_ForgotPassword" time="6.902"/>
  <system-out/>
  <testcase classname="salesforce.SalesForceAutomationScripts" name="case4A_ForgotPassword" time="6.260"/>
  <system-out/>
  <testcase classname="salesforce.SalesForceAutomationScripts" name="case3_CheckRememberMe" time="15.387"/>
  <system-out/>
</testsuite> <!-- salesforce.SalesForceAutomationScripts -->
